Warning: Permanently added '2620:52:3:1:dead:beef:cafe:c111' (ED25519) to the list of known hosts.
receiving incremental file list
./
build.log.gz
configs.tar.gz
hw_info.log.gz
knot-3.1.9-cznic.1.suse.tw.src.rpm
knot-3.1.9-cznic.1.suse.tw.x86_64.rpm
knot-devel-3.1.9-cznic.1.suse.tw.x86_64.rpm
knot-doc-3.1.9-cznic.1.suse.tw.noarch.rpm
knot-libs-3.1.9-cznic.1.suse.tw.x86_64.rpm
knot-module-dnstap-3.1.9-cznic.1.suse.tw.x86_64.rpm
knot-module-geoip-3.1.9-cznic.1.suse.tw.x86_64.rpm
knot-utils-3.1.9-cznic.1.suse.tw.x86_64.rpm
knot.spec
results.json
root.log.gz
state.log.gz
success
chroot_scan/
chroot_scan/var/
chroot_scan/var/lib/
chroot_scan/var/lib/mock/
chroot_scan/var/lib/mock/opensuse-tumbleweed-x86_64-1661151800.361461/
chroot_scan/var/lib/mock/opensuse-tumbleweed-x86_64-1661151800.361461/root/
chroot_scan/var/lib/mock/opensuse-tumbleweed-x86_64-1661151800.361461/root/var/
chroot_scan/var/lib/mock/opensuse-tumbleweed-x86_64-1661151800.361461/root/var/log/
chroot_scan/var/lib/mock/opensuse-tumbleweed-x86_64-1661151800.361461/root/var/log/dnf.librepo.log
chroot_scan/var/lib/mock/opensuse-tumbleweed-x86_64-1661151800.361461/root/var/log/dnf.log
chroot_scan/var/lib/mock/opensuse-tumbleweed-x86_64-1661151800.361461/root/var/log/dnf.rpm.log

sent 428 bytes  received 7,883,651 bytes  5,256,052.67 bytes/sec
total size is 7,879,890  speedup is 1.00
