Warning: Permanently added '54.82.224.85' (ED25519) to the list of known hosts.
receiving incremental file list
./
build.log.gz
configs.tar.gz
hw_info.log.gz
knot-3.1.9-cznic.1.el9.aarch64.rpm
knot-3.1.9-cznic.1.el9.src.rpm
knot-debuginfo-3.1.9-cznic.1.el9.aarch64.rpm
knot-debugsource-3.1.9-cznic.1.el9.aarch64.rpm
knot-devel-3.1.9-cznic.1.el9.aarch64.rpm
knot-doc-3.1.9-cznic.1.el9.noarch.rpm
knot-libs-3.1.9-cznic.1.el9.aarch64.rpm
knot-libs-debuginfo-3.1.9-cznic.1.el9.aarch64.rpm
knot-module-dnstap-3.1.9-cznic.1.el9.aarch64.rpm
knot-module-dnstap-debuginfo-3.1.9-cznic.1.el9.aarch64.rpm
knot-module-geoip-3.1.9-cznic.1.el9.aarch64.rpm
knot-module-geoip-debuginfo-3.1.9-cznic.1.el9.aarch64.rpm
knot-utils-3.1.9-cznic.1.el9.aarch64.rpm
knot-utils-debuginfo-3.1.9-cznic.1.el9.aarch64.rpm
knot.spec
results.json
root.log.gz
state.log.gz
success
chroot_scan/
chroot_scan/var/
chroot_scan/var/lib/
chroot_scan/var/lib/mock/
chroot_scan/var/lib/mock/rhel+epel-9-aarch64-1661152113.449162/
chroot_scan/var/lib/mock/rhel+epel-9-aarch64-1661152113.449162/root/
chroot_scan/var/lib/mock/rhel+epel-9-aarch64-1661152113.449162/root/var/
chroot_scan/var/lib/mock/rhel+epel-9-aarch64-1661152113.449162/root/var/log/
chroot_scan/var/lib/mock/rhel+epel-9-aarch64-1661152113.449162/root/var/log/dnf.librepo.log
chroot_scan/var/lib/mock/rhel+epel-9-aarch64-1661152113.449162/root/var/log/dnf.log
chroot_scan/var/lib/mock/rhel+epel-9-aarch64-1661152113.449162/root/var/log/dnf.rpm.log

sent 542 bytes  received 8,384,423 bytes  16,769,930.00 bytes/sec
total size is 8,379,966  speedup is 1.00
