Warning: Permanently added '54.156.78.222' (ECDSA) to the list of known hosts.
receiving incremental file list
build.log.gz
configs.tar.gz
hw_info.log.gz
knot-2.9.3-1.fc30.src.rpm
knot-2.9.3-1.fc30.x86_64.rpm
knot-debuginfo-2.9.3-1.fc30.x86_64.rpm
knot-debugsource-2.9.3-1.fc30.x86_64.rpm
knot-devel-2.9.3-1.fc30.x86_64.rpm
knot-doc-2.9.3-1.fc30.noarch.rpm
knot-libs-2.9.3-1.fc30.x86_64.rpm
knot-libs-debuginfo-2.9.3-1.fc30.x86_64.rpm
knot-utils-2.9.3-1.fc30.x86_64.rpm
knot-utils-debuginfo-2.9.3-1.fc30.x86_64.rpm
knot.spec
root.log.gz
state.log.gz
success
chroot_scan/
chroot_scan/var/
chroot_scan/var/lib/
chroot_scan/var/lib/mock/
chroot_scan/var/lib/mock/1282243-fedora-30-x86_64-1583225615.175588/
chroot_scan/var/lib/mock/1282243-fedora-30-x86_64-1583225615.175588/root/
chroot_scan/var/lib/mock/1282243-fedora-30-x86_64-1583225615.175588/root/var/
chroot_scan/var/lib/mock/1282243-fedora-30-x86_64-1583225615.175588/root/var/log/
chroot_scan/var/lib/mock/1282243-fedora-30-x86_64-1583225615.175588/root/var/log/dnf.librepo.log
chroot_scan/var/lib/mock/1282243-fedora-30-x86_64-1583225615.175588/root/var/log/dnf.log
chroot_scan/var/lib/mock/1282243-fedora-30-x86_64-1583225615.175588/root/var/log/dnf.rpm.log
chroot_scan/var/lib/mock/1282243-fedora-30-x86_64-1583225687.666360/
chroot_scan/var/lib/mock/1282243-fedora-30-x86_64-1583225687.666360/root/
chroot_scan/var/lib/mock/1282243-fedora-30-x86_64-1583225687.666360/root/var/
chroot_scan/var/lib/mock/1282243-fedora-30-x86_64-1583225687.666360/root/var/log/
chroot_scan/var/lib/mock/1282243-fedora-30-x86_64-1583225687.666360/root/var/log/dnf.librepo.log
chroot_scan/var/lib/mock/1282243-fedora-30-x86_64-1583225687.666360/root/var/log/dnf.log
chroot_scan/var/lib/mock/1282243-fedora-30-x86_64-1583225687.666360/root/var/log/dnf.rpm.log

sent 521 bytes  received 7,980,320 bytes  5,320,560.67 bytes/sec
total size is 7,976,257  speedup is 1.00
