Warning: Permanently added '2620:52:3:1:dead:beef:cafe:c198' (ED25519) to the list of known hosts.
receiving incremental file list
./
build.log.gz
configs.tar.gz
hw_info.log.gz
knot-3.1.9-cznic.1.el7.src.rpm
knot-3.1.9-cznic.1.el7.x86_64.rpm
knot-debuginfo-3.1.9-cznic.1.el7.x86_64.rpm
knot-devel-3.1.9-cznic.1.el7.x86_64.rpm
knot-doc-3.1.9-cznic.1.el7.noarch.rpm
knot-libs-3.1.9-cznic.1.el7.x86_64.rpm
knot-module-dnstap-3.1.9-cznic.1.el7.x86_64.rpm
knot-module-geoip-3.1.9-cznic.1.el7.x86_64.rpm
knot-utils-3.1.9-cznic.1.el7.x86_64.rpm
knot.spec
results.json
root.log.gz
state.log.gz
success
chroot_scan/
chroot_scan/var/
chroot_scan/var/lib/
chroot_scan/var/lib/mock/
chroot_scan/var/lib/mock/centos+epel-7-x86_64-1661151800.523687/
chroot_scan/var/lib/mock/centos+epel-7-x86_64-1661151800.523687/root/
chroot_scan/var/lib/mock/centos+epel-7-x86_64-1661151800.523687/root/var/
chroot_scan/var/lib/mock/centos+epel-7-x86_64-1661151800.523687/root/var/log/
chroot_scan/var/lib/mock/centos+epel-7-x86_64-1661151800.523687/root/var/log/dnf.librepo.log
chroot_scan/var/lib/mock/centos+epel-7-x86_64-1661151800.523687/root/var/log/dnf.log
chroot_scan/var/lib/mock/centos+epel-7-x86_64-1661151800.523687/root/var/log/dnf.rpm.log

sent 447 bytes  received 9,176,340 bytes  6,117,858.00 bytes/sec
total size is 9,172,189  speedup is 1.00
