Warning: Permanently added '172.25.85.196' (ECDSA) to the list of known hosts.
receiving incremental file list
build.log.gz
hw_info.log.gz
knot-2.9.0-1.fc29.ppc64le.rpm
knot-2.9.0-1.fc29.src.rpm
knot-debuginfo-2.9.0-1.fc29.ppc64le.rpm
knot-debugsource-2.9.0-1.fc29.ppc64le.rpm
knot-devel-2.9.0-1.fc29.ppc64le.rpm
knot-doc-2.9.0-1.fc29.noarch.rpm
knot-libs-2.9.0-1.fc29.ppc64le.rpm
knot-libs-debuginfo-2.9.0-1.fc29.ppc64le.rpm
knot-utils-2.9.0-1.fc29.ppc64le.rpm
knot-utils-debuginfo-2.9.0-1.fc29.ppc64le.rpm
knot.spec
root.log.gz
state.log.gz
success
chroot_scan/
chroot_scan/var/
chroot_scan/var/lib/
chroot_scan/var/lib/mock/
chroot_scan/var/lib/mock/1066327-fedora-29-ppc64le-1571600900.243056/
chroot_scan/var/lib/mock/1066327-fedora-29-ppc64le-1571600900.243056/root/
chroot_scan/var/lib/mock/1066327-fedora-29-ppc64le-1571600900.243056/root/var/
chroot_scan/var/lib/mock/1066327-fedora-29-ppc64le-1571600900.243056/root/var/log/
chroot_scan/var/lib/mock/1066327-fedora-29-ppc64le-1571600900.243056/root/var/log/dnf.librepo.log
chroot_scan/var/lib/mock/1066327-fedora-29-ppc64le-1571600900.243056/root/var/log/dnf.log
chroot_scan/var/lib/mock/1066327-fedora-29-ppc64le-1571600900.243056/root/var/log/dnf.rpm.log
chroot_scan/var/lib/mock/1066327-fedora-29-ppc64le-1571600992.219678/
chroot_scan/var/lib/mock/1066327-fedora-29-ppc64le-1571600992.219678/root/
chroot_scan/var/lib/mock/1066327-fedora-29-ppc64le-1571600992.219678/root/var/
chroot_scan/var/lib/mock/1066327-fedora-29-ppc64le-1571600992.219678/root/var/log/
chroot_scan/var/lib/mock/1066327-fedora-29-ppc64le-1571600992.219678/root/var/log/dnf.librepo.log
chroot_scan/var/lib/mock/1066327-fedora-29-ppc64le-1571600992.219678/root/var/log/dnf.log
chroot_scan/var/lib/mock/1066327-fedora-29-ppc64le-1571600992.219678/root/var/log/dnf.rpm.log
configs/
configs/child.cfg
configs/fedora-29-ppc64le.cfg
configs/site-defaults.cfg

sent 563 bytes  received 7,991,596 bytes  15,984,318.00 bytes/sec
total size is 7,987,317  speedup is 1.00
