Warning: Permanently added '2620:52:3:1:dead:beef:cafe:c1d7' (ED25519) to the list of known hosts.
receiving incremental file list
./
build.log.gz
configs.tar.gz
hw_info.log.gz
knot-3.2.6-cznic.1.fc39.src.rpm
knot-3.2.6-cznic.1.fc39.x86_64.rpm
knot-debuginfo-3.2.6-cznic.1.fc39.x86_64.rpm
knot-debugsource-3.2.6-cznic.1.fc39.x86_64.rpm
knot-devel-3.2.6-cznic.1.fc39.x86_64.rpm
knot-dnssecutils-3.2.6-cznic.1.fc39.x86_64.rpm
knot-dnssecutils-debuginfo-3.2.6-cznic.1.fc39.x86_64.rpm
knot-doc-3.2.6-cznic.1.fc39.noarch.rpm
knot-libs-3.2.6-cznic.1.fc39.x86_64.rpm
knot-libs-debuginfo-3.2.6-cznic.1.fc39.x86_64.rpm
knot-module-dnstap-3.2.6-cznic.1.fc39.x86_64.rpm
knot-module-dnstap-debuginfo-3.2.6-cznic.1.fc39.x86_64.rpm
knot-module-geoip-3.2.6-cznic.1.fc39.x86_64.rpm
knot-module-geoip-debuginfo-3.2.6-cznic.1.fc39.x86_64.rpm
knot-utils-3.2.6-cznic.1.fc39.x86_64.rpm
knot-utils-debuginfo-3.2.6-cznic.1.fc39.x86_64.rpm
knot.spec
results.json
root.log.gz
state.log.gz
success
chroot_scan/
chroot_scan/var/
chroot_scan/var/lib/
chroot_scan/var/lib/mock/
chroot_scan/var/lib/mock/fedora-rawhide-x86_64-1680589766.872544/
chroot_scan/var/lib/mock/fedora-rawhide-x86_64-1680589766.872544/root/
chroot_scan/var/lib/mock/fedora-rawhide-x86_64-1680589766.872544/root/var/
chroot_scan/var/lib/mock/fedora-rawhide-x86_64-1680589766.872544/root/var/log/
chroot_scan/var/lib/mock/fedora-rawhide-x86_64-1680589766.872544/root/var/log/dnf.librepo.log
chroot_scan/var/lib/mock/fedora-rawhide-x86_64-1680589766.872544/root/var/log/dnf.log
chroot_scan/var/lib/mock/fedora-rawhide-x86_64-1680589766.872544/root/var/log/dnf.rpm.log

sent 580 bytes  received 11,497,139 bytes  7,665,146.00 bytes/sec
total size is 11,491,724  speedup is 1.00
