Warning: Permanently added '172.25.83.157' (ECDSA) to the list of known hosts.
receiving incremental file list
build.log.gz
hw_info.log.gz
knot-2.9.2-1.fc32.ppc64le.rpm
knot-2.9.2-1.fc32.src.rpm
knot-debuginfo-2.9.2-1.fc32.ppc64le.rpm
knot-debugsource-2.9.2-1.fc32.ppc64le.rpm
knot-devel-2.9.2-1.fc32.ppc64le.rpm
knot-doc-2.9.2-1.fc32.noarch.rpm
knot-libs-2.9.2-1.fc32.ppc64le.rpm
knot-libs-debuginfo-2.9.2-1.fc32.ppc64le.rpm
knot-utils-2.9.2-1.fc32.ppc64le.rpm
knot-utils-debuginfo-2.9.2-1.fc32.ppc64le.rpm
knot.spec
root.log.gz
state.log.gz
success
chroot_scan/
chroot_scan/var/
chroot_scan/var/lib/
chroot_scan/var/lib/mock/
chroot_scan/var/lib/mock/1128324-fedora-rawhide-ppc64le-1576143716.022588/
chroot_scan/var/lib/mock/1128324-fedora-rawhide-ppc64le-1576143716.022588/root/
chroot_scan/var/lib/mock/1128324-fedora-rawhide-ppc64le-1576143716.022588/root/var/
chroot_scan/var/lib/mock/1128324-fedora-rawhide-ppc64le-1576143716.022588/root/var/log/
chroot_scan/var/lib/mock/1128324-fedora-rawhide-ppc64le-1576143716.022588/root/var/log/dnf.librepo.log
chroot_scan/var/lib/mock/1128324-fedora-rawhide-ppc64le-1576143716.022588/root/var/log/dnf.log
chroot_scan/var/lib/mock/1128324-fedora-rawhide-ppc64le-1576143716.022588/root/var/log/dnf.rpm.log
chroot_scan/var/lib/mock/1128324-fedora-rawhide-ppc64le-1576143773.239577/
chroot_scan/var/lib/mock/1128324-fedora-rawhide-ppc64le-1576143773.239577/root/
chroot_scan/var/lib/mock/1128324-fedora-rawhide-ppc64le-1576143773.239577/root/var/
chroot_scan/var/lib/mock/1128324-fedora-rawhide-ppc64le-1576143773.239577/root/var/log/
chroot_scan/var/lib/mock/1128324-fedora-rawhide-ppc64le-1576143773.239577/root/var/log/dnf.librepo.log
chroot_scan/var/lib/mock/1128324-fedora-rawhide-ppc64le-1576143773.239577/root/var/log/dnf.log
chroot_scan/var/lib/mock/1128324-fedora-rawhide-ppc64le-1576143773.239577/root/var/log/dnf.rpm.log
configs/
configs/child.cfg
configs/fedora-rawhide-ppc64le.cfg
configs/site-defaults.cfg

sent 563 bytes  received 6,317,413 bytes  4,211,984.00 bytes/sec
total size is 6,313,553  speedup is 1.00
