Warning: Permanently added '172.25.83.158' (ECDSA) to the list of known hosts.
receiving incremental file list
build.log.gz
hw_info.log.gz
knot-2.9.2-1.fc31.ppc64le.rpm
knot-2.9.2-1.fc31.src.rpm
knot-debuginfo-2.9.2-1.fc31.ppc64le.rpm
knot-debugsource-2.9.2-1.fc31.ppc64le.rpm
knot-devel-2.9.2-1.fc31.ppc64le.rpm
knot-doc-2.9.2-1.fc31.noarch.rpm
knot-libs-2.9.2-1.fc31.ppc64le.rpm
knot-libs-debuginfo-2.9.2-1.fc31.ppc64le.rpm
knot-utils-2.9.2-1.fc31.ppc64le.rpm
knot-utils-debuginfo-2.9.2-1.fc31.ppc64le.rpm
knot.spec
root.log.gz
state.log.gz
success
chroot_scan/
chroot_scan/var/
chroot_scan/var/lib/
chroot_scan/var/lib/mock/
chroot_scan/var/lib/mock/1128324-fedora-31-ppc64le-1576143716.626254/
chroot_scan/var/lib/mock/1128324-fedora-31-ppc64le-1576143716.626254/root/
chroot_scan/var/lib/mock/1128324-fedora-31-ppc64le-1576143716.626254/root/var/
chroot_scan/var/lib/mock/1128324-fedora-31-ppc64le-1576143716.626254/root/var/log/
chroot_scan/var/lib/mock/1128324-fedora-31-ppc64le-1576143716.626254/root/var/log/dnf.librepo.log
chroot_scan/var/lib/mock/1128324-fedora-31-ppc64le-1576143716.626254/root/var/log/dnf.log
chroot_scan/var/lib/mock/1128324-fedora-31-ppc64le-1576143716.626254/root/var/log/dnf.rpm.log
chroot_scan/var/lib/mock/1128324-fedora-31-ppc64le-1576143789.370881/
chroot_scan/var/lib/mock/1128324-fedora-31-ppc64le-1576143789.370881/root/
chroot_scan/var/lib/mock/1128324-fedora-31-ppc64le-1576143789.370881/root/var/
chroot_scan/var/lib/mock/1128324-fedora-31-ppc64le-1576143789.370881/root/var/log/
chroot_scan/var/lib/mock/1128324-fedora-31-ppc64le-1576143789.370881/root/var/log/dnf.librepo.log
chroot_scan/var/lib/mock/1128324-fedora-31-ppc64le-1576143789.370881/root/var/log/dnf.log
chroot_scan/var/lib/mock/1128324-fedora-31-ppc64le-1576143789.370881/root/var/log/dnf.rpm.log
configs/
configs/child.cfg
configs/fedora-31-ppc64le.cfg
configs/site-defaults.cfg

sent 563 bytes  received 6,314,725 bytes  12,630,576.00 bytes/sec
total size is 6,310,878  speedup is 1.00
